[2024-11-11T07:23:41.120+0000] {local_task_job_runner.py:123} INFO - ::group::Pre task execution logs
[2024-11-11T07:23:41.150+0000] {taskinstance.py:2612} INFO - Dependencies all met for dep_context=non-requeueable deps ti=<TaskInstance: python_op_sample_1.read_and_transform_df manual__2024-11-11T07:23:34.530528+00:00 [queued]>
[2024-11-11T07:23:41.167+0000] {taskinstance.py:2612} INFO - Dependencies all met for dep_context=requeueable deps ti=<TaskInstance: python_op_sample_1.read_and_transform_df manual__2024-11-11T07:23:34.530528+00:00 [queued]>
[2024-11-11T07:23:41.168+0000] {taskinstance.py:2865} INFO - Starting attempt 1 of 2
[2024-11-11T07:23:41.191+0000] {taskinstance.py:2888} INFO - Executing <Task(PythonOperator): read_and_transform_df> on 2024-11-11 07:23:34.530528+00:00
[2024-11-11T07:23:41.203+0000] {warnings.py:112} WARNING - /home/***/.local/lib/python3.12/site-packages/***/task/task_runner/standard_task_runner.py:70: DeprecationWarning: This process (pid=55155) is multi-threaded, use of fork() may lead to deadlocks in the child.
  pid = os.fork()

[2024-11-11T07:23:41.206+0000] {standard_task_runner.py:72} INFO - Started process 55157 to run task
[2024-11-11T07:23:41.207+0000] {standard_task_runner.py:104} INFO - Running: ['***', 'tasks', 'run', 'python_op_sample_1', 'read_and_transform_df', 'manual__2024-11-11T07:23:34.530528+00:00', '--job-id', '28', '--raw', '--subdir', 'DAGS_FOLDER/dag1_py_op_sample.py', '--cfg-path', '/tmp/tmpoapbikj_']
[2024-11-11T07:23:41.208+0000] {standard_task_runner.py:105} INFO - Job 28: Subtask read_and_transform_df
[2024-11-11T07:23:41.291+0000] {task_command.py:467} INFO - Running <TaskInstance: python_op_sample_1.read_and_transform_df manual__2024-11-11T07:23:34.530528+00:00 [running]> on host b86342c5c47f
[2024-11-11T07:23:41.426+0000] {taskinstance.py:3131} INFO - Exporting env vars: AIRFLOW_CTX_DAG_OWNER='***' AIRFLOW_CTX_DAG_ID='python_op_sample_1' AIRFLOW_CTX_TASK_ID='read_and_transform_df' AIRFLOW_CTX_EXECUTION_DATE='2024-11-11T07:23:34.530528+00:00' AIRFLOW_CTX_TRY_NUMBER='1' AIRFLOW_CTX_DAG_RUN_ID='manual__2024-11-11T07:23:34.530528+00:00'
[2024-11-11T07:23:41.428+0000] {logging_mixin.py:190} INFO - Task instance is in running state
[2024-11-11T07:23:41.428+0000] {logging_mixin.py:190} INFO -  Previous state of the Task instance: queued
[2024-11-11T07:23:41.428+0000] {logging_mixin.py:190} INFO - Current task name:read_and_transform_df state:running start_date:2024-11-11 07:23:41.151256+00:00
[2024-11-11T07:23:41.429+0000] {logging_mixin.py:190} INFO - Dag name:python_op_sample_1 and current dag run status:running
[2024-11-11T07:23:41.429+0000] {taskinstance.py:731} INFO - ::endgroup::
[2024-11-11T07:23:41.430+0000] {logging_mixin.py:190} INFO - Current Path: /opt/***
[2024-11-11T07:23:41.446+0000] {logging_mixin.py:190} INFO -    id name
0   1    A
1   2    B
2   3    C
[2024-11-11T07:23:41.454+0000] {logging_mixin.py:190} INFO - Post transfprmation
[2024-11-11T07:23:41.460+0000] {logging_mixin.py:190} INFO -    id name  transformed_id
0   1    A               1
1   2    B               4
2   3    C               9
[2024-11-11T07:23:41.463+0000] {python.py:240} INFO - Done. Returned value was: None
[2024-11-11T07:23:41.484+0000] {taskinstance.py:340} INFO - ::group::Post task execution logs
[2024-11-11T07:23:41.484+0000] {taskinstance.py:352} INFO - Marking task as SUCCESS. dag_id=python_op_sample_1, task_id=read_and_transform_df, run_id=manual__2024-11-11T07:23:34.530528+00:00, execution_date=20241111T072334, start_date=20241111T072341, end_date=20241111T072341
[2024-11-11T07:23:41.628+0000] {logging_mixin.py:190} INFO - Task instance in success state
[2024-11-11T07:23:41.628+0000] {logging_mixin.py:190} INFO -  Previous state of the Task instance: running
[2024-11-11T07:23:41.629+0000] {logging_mixin.py:190} INFO - Dag name:python_op_sample_1 queued_at:2024-11-11 07:23:34.555908+00:00
[2024-11-11T07:23:41.629+0000] {logging_mixin.py:190} INFO - Task hostname:b86342c5c47f operator:PythonOperator
[2024-11-11T07:23:41.664+0000] {local_task_job_runner.py:266} INFO - Task exited with return code 0
[2024-11-11T07:23:41.725+0000] {taskinstance.py:3900} INFO - 0 downstream tasks scheduled from follow-on schedule check
[2024-11-11T07:23:41.728+0000] {local_task_job_runner.py:245} INFO - ::endgroup::
