[2024-11-11T12:13:43.813+0000] {local_task_job_runner.py:123} INFO - ::group::Pre task execution logs
[2024-11-11T12:13:43.833+0000] {taskinstance.py:2612} INFO - Dependencies all met for dep_context=non-requeueable deps ti=<TaskInstance: dg-python_operator_dag1.create_df_and_save manual__2024-11-11T12:13:41.044893+00:00 [queued]>
[2024-11-11T12:13:43.844+0000] {taskinstance.py:2612} INFO - Dependencies all met for dep_context=requeueable deps ti=<TaskInstance: dg-python_operator_dag1.create_df_and_save manual__2024-11-11T12:13:41.044893+00:00 [queued]>
[2024-11-11T12:13:43.844+0000] {taskinstance.py:2865} INFO - Starting attempt 1 of 2
[2024-11-11T12:13:43.862+0000] {taskinstance.py:2888} INFO - Executing <Task(PythonOperator): create_df_and_save> on 2024-11-11 12:13:41.044893+00:00
[2024-11-11T12:13:43.871+0000] {warnings.py:112} WARNING - /home/***/.local/lib/python3.12/site-packages/***/task/task_runner/standard_task_runner.py:70: DeprecationWarning: This process (pid=404) is multi-threaded, use of fork() may lead to deadlocks in the child.
  pid = os.fork()

[2024-11-11T12:13:43.872+0000] {standard_task_runner.py:72} INFO - Started process 406 to run task
[2024-11-11T12:13:43.873+0000] {standard_task_runner.py:104} INFO - Running: ['***', 'tasks', 'run', 'dg-python_operator_dag1', 'create_df_and_save', 'manual__2024-11-11T12:13:41.044893+00:00', '--job-id', '46', '--raw', '--subdir', 'DAGS_FOLDER/dg-python_op_dag1.py', '--cfg-path', '/tmp/tmpeybl6gd6']
[2024-11-11T12:13:43.874+0000] {standard_task_runner.py:105} INFO - Job 46: Subtask create_df_and_save
[2024-11-11T12:13:43.925+0000] {task_command.py:467} INFO - Running <TaskInstance: dg-python_operator_dag1.create_df_and_save manual__2024-11-11T12:13:41.044893+00:00 [running]> on host c6d153583c3b
[2024-11-11T12:13:44.019+0000] {taskinstance.py:3131} INFO - Exporting env vars: AIRFLOW_CTX_DAG_OWNER='***' AIRFLOW_CTX_DAG_ID='dg-python_operator_dag1' AIRFLOW_CTX_TASK_ID='create_df_and_save' AIRFLOW_CTX_EXECUTION_DATE='2024-11-11T12:13:41.044893+00:00' AIRFLOW_CTX_TRY_NUMBER='1' AIRFLOW_CTX_DAG_RUN_ID='manual__2024-11-11T12:13:41.044893+00:00'
[2024-11-11T12:13:44.022+0000] {logging_mixin.py:190} INFO - Task instance is in running state
[2024-11-11T12:13:44.023+0000] {logging_mixin.py:190} INFO -  Previous state of the Task instance: queued
[2024-11-11T12:13:44.023+0000] {logging_mixin.py:190} INFO - Current task name:create_df_and_save state:running start_date:2024-11-11 12:13:43.833506+00:00
[2024-11-11T12:13:44.023+0000] {logging_mixin.py:190} INFO - Dag name:dg-python_operator_dag1 and current dag run status:running
[2024-11-11T12:13:44.024+0000] {taskinstance.py:731} INFO - ::endgroup::
[2024-11-11T12:13:44.024+0000] {logging_mixin.py:190} INFO - Done with the Task1
[2024-11-11T12:13:44.025+0000] {python.py:240} INFO - Done. Returned value was: None
[2024-11-11T12:13:44.038+0000] {taskinstance.py:340} INFO - ::group::Post task execution logs
[2024-11-11T12:13:44.038+0000] {taskinstance.py:352} INFO - Marking task as SUCCESS. dag_id=dg-python_operator_dag1, task_id=create_df_and_save, run_id=manual__2024-11-11T12:13:41.044893+00:00, execution_date=20241111T121341, start_date=20241111T121343, end_date=20241111T121344
[2024-11-11T12:13:44.052+0000] {logging_mixin.py:190} INFO - Task instance in success state
[2024-11-11T12:13:44.052+0000] {logging_mixin.py:190} INFO -  Previous state of the Task instance: running
[2024-11-11T12:13:44.052+0000] {logging_mixin.py:190} INFO - Dag name:dg-python_operator_dag1 queued_at:2024-11-11 12:13:41.074754+00:00
[2024-11-11T12:13:44.053+0000] {logging_mixin.py:190} INFO - Task hostname:c6d153583c3b operator:PythonOperator
[2024-11-11T12:13:44.089+0000] {local_task_job_runner.py:266} INFO - Task exited with return code 0
[2024-11-11T12:13:44.121+0000] {taskinstance.py:3900} INFO - 1 downstream tasks scheduled from follow-on schedule check
[2024-11-11T12:13:44.125+0000] {local_task_job_runner.py:245} INFO - ::endgroup::
