[2024-11-04T04:30:45.187+0000] {local_task_job_runner.py:123} INFO - ::group::Pre task execution logs
[2024-11-04T04:30:45.259+0000] {taskinstance.py:2612} INFO - Dependencies all met for dep_context=non-requeueable deps ti=<TaskInstance: dummy_dataframe_dag.print_dataframe_task scheduled__2024-11-02T00:00:00+00:00 [queued]>
[2024-11-04T04:30:45.294+0000] {taskinstance.py:2612} INFO - Dependencies all met for dep_context=requeueable deps ti=<TaskInstance: dummy_dataframe_dag.print_dataframe_task scheduled__2024-11-02T00:00:00+00:00 [queued]>
[2024-11-04T04:30:45.295+0000] {taskinstance.py:2865} INFO - Starting attempt 1 of 2
[2024-11-04T04:30:45.342+0000] {taskinstance.py:2888} INFO - Executing <Task(PythonOperator): print_dataframe_task> on 2024-11-02 00:00:00+00:00
[2024-11-04T04:30:45.369+0000] {warnings.py:112} WARNING - /home/***/.local/lib/python3.12/site-packages/***/task/task_runner/standard_task_runner.py:70: DeprecationWarning: This process (pid=4951) is multi-threaded, use of fork() may lead to deadlocks in the child.
  pid = os.fork()

[2024-11-04T04:30:45.371+0000] {standard_task_runner.py:72} INFO - Started process 4955 to run task
[2024-11-04T04:30:45.366+0000] {standard_task_runner.py:104} INFO - Running: ['***', 'tasks', 'run', 'dummy_dataframe_dag', 'print_dataframe_task', 'scheduled__2024-11-02T00:00:00+00:00', '--job-id', '11', '--raw', '--subdir', 'DAGS_FOLDER/dg-first-df-print.py', '--cfg-path', '/tmp/tmp9qgwdage']
[2024-11-04T04:30:45.373+0000] {standard_task_runner.py:105} INFO - Job 11: Subtask print_dataframe_task
[2024-11-04T04:30:45.664+0000] {task_command.py:467} INFO - Running <TaskInstance: dummy_dataframe_dag.print_dataframe_task scheduled__2024-11-02T00:00:00+00:00 [running]> on host b86342c5c47f
[2024-11-04T04:30:45.903+0000] {taskinstance.py:3131} INFO - Exporting env vars: AIRFLOW_CTX_DAG_OWNER='***' AIRFLOW_CTX_DAG_ID='dummy_dataframe_dag' AIRFLOW_CTX_TASK_ID='print_dataframe_task' AIRFLOW_CTX_EXECUTION_DATE='2024-11-02T00:00:00+00:00' AIRFLOW_CTX_TRY_NUMBER='1' AIRFLOW_CTX_DAG_RUN_ID='scheduled__2024-11-02T00:00:00+00:00'
[2024-11-04T04:30:45.913+0000] {logging_mixin.py:190} INFO - Task instance is in running state
[2024-11-04T04:30:45.914+0000] {logging_mixin.py:190} INFO -  Previous state of the Task instance: queued
[2024-11-04T04:30:45.916+0000] {logging_mixin.py:190} INFO - Current task name:print_dataframe_task state:running start_date:2024-11-04 04:30:45.259666+00:00
[2024-11-04T04:30:45.917+0000] {logging_mixin.py:190} INFO - Dag name:dummy_dataframe_dag and current dag run status:running
[2024-11-04T04:30:45.919+0000] {taskinstance.py:731} INFO - ::endgroup::
[2024-11-04T04:30:45.937+0000] {logging_mixin.py:190} INFO - Generated DataFrame:
[2024-11-04T04:30:46.024+0000] {logging_mixin.py:190} INFO -       Name  Age    Country
0    Alice   24        USA
1      Bob   27     Canada
2  Charlie   22         UK
3    David   32  Australia
[2024-11-04T04:30:46.026+0000] {python.py:240} INFO - Done. Returned value was: None
[2024-11-04T04:30:46.089+0000] {taskinstance.py:340} INFO - ::group::Post task execution logs
[2024-11-04T04:30:46.090+0000] {taskinstance.py:352} INFO - Marking task as SUCCESS. dag_id=dummy_dataframe_dag, task_id=print_dataframe_task, run_id=scheduled__2024-11-02T00:00:00+00:00, execution_date=20241102T000000, start_date=20241104T043045, end_date=20241104T043046
[2024-11-04T04:30:46.530+0000] {logging_mixin.py:190} INFO - Task instance in success state
[2024-11-04T04:30:46.531+0000] {logging_mixin.py:190} INFO -  Previous state of the Task instance: running
[2024-11-04T04:30:46.532+0000] {logging_mixin.py:190} INFO - Dag name:dummy_dataframe_dag queued_at:2024-11-04 04:30:26.607638+00:00
[2024-11-04T04:30:46.532+0000] {logging_mixin.py:190} INFO - Task hostname:b86342c5c47f operator:PythonOperator
[2024-11-04T04:30:46.600+0000] {local_task_job_runner.py:266} INFO - Task exited with return code 0
[2024-11-04T04:30:46.638+0000] {taskinstance.py:3900} INFO - 0 downstream tasks scheduled from follow-on schedule check
[2024-11-04T04:30:46.642+0000] {local_task_job_runner.py:245} INFO - ::endgroup::
