[2024-11-11T12:13:48.387+0000] {local_task_job_runner.py:123} INFO - ::group::Pre task execution logs
[2024-11-11T12:13:48.411+0000] {taskinstance.py:2612} INFO - Dependencies all met for dep_context=non-requeueable deps ti=<TaskInstance: dg-python_operator_dag1.filter_df manual__2024-11-11T12:13:41.044893+00:00 [queued]>
[2024-11-11T12:13:48.425+0000] {taskinstance.py:2612} INFO - Dependencies all met for dep_context=requeueable deps ti=<TaskInstance: dg-python_operator_dag1.filter_df manual__2024-11-11T12:13:41.044893+00:00 [queued]>
[2024-11-11T12:13:48.426+0000] {taskinstance.py:2865} INFO - Starting attempt 1 of 2
[2024-11-11T12:13:48.446+0000] {taskinstance.py:2888} INFO - Executing <Task(PythonOperator): filter_df> on 2024-11-11 12:13:41.044893+00:00
[2024-11-11T12:13:48.460+0000] {warnings.py:112} WARNING - /home/***/.local/lib/python3.12/site-packages/***/task/task_runner/standard_task_runner.py:70: DeprecationWarning: This process (pid=412) is multi-threaded, use of fork() may lead to deadlocks in the child.
  pid = os.fork()

[2024-11-11T12:13:48.462+0000] {standard_task_runner.py:72} INFO - Started process 414 to run task
[2024-11-11T12:13:48.463+0000] {standard_task_runner.py:104} INFO - Running: ['***', 'tasks', 'run', 'dg-python_operator_dag1', 'filter_df', 'manual__2024-11-11T12:13:41.044893+00:00', '--job-id', '48', '--raw', '--subdir', 'DAGS_FOLDER/dg-python_op_dag1.py', '--cfg-path', '/tmp/tmp524wle46']
[2024-11-11T12:13:48.465+0000] {standard_task_runner.py:105} INFO - Job 48: Subtask filter_df
[2024-11-11T12:13:48.555+0000] {task_command.py:467} INFO - Running <TaskInstance: dg-python_operator_dag1.filter_df manual__2024-11-11T12:13:41.044893+00:00 [running]> on host c6d153583c3b
[2024-11-11T12:13:48.702+0000] {taskinstance.py:3131} INFO - Exporting env vars: AIRFLOW_CTX_DAG_OWNER='***' AIRFLOW_CTX_DAG_ID='dg-python_operator_dag1' AIRFLOW_CTX_TASK_ID='filter_df' AIRFLOW_CTX_EXECUTION_DATE='2024-11-11T12:13:41.044893+00:00' AIRFLOW_CTX_TRY_NUMBER='1' AIRFLOW_CTX_DAG_RUN_ID='manual__2024-11-11T12:13:41.044893+00:00'
[2024-11-11T12:13:48.704+0000] {logging_mixin.py:190} INFO - Task instance is in running state
[2024-11-11T12:13:48.704+0000] {logging_mixin.py:190} INFO -  Previous state of the Task instance: queued
[2024-11-11T12:13:48.704+0000] {logging_mixin.py:190} INFO - Current task name:filter_df state:running start_date:2024-11-11 12:13:48.411454+00:00
[2024-11-11T12:13:48.705+0000] {logging_mixin.py:190} INFO - Dag name:dg-python_operator_dag1 and current dag run status:running
[2024-11-11T12:13:48.706+0000] {taskinstance.py:731} INFO - ::endgroup::
[2024-11-11T12:13:48.707+0000] {logging_mixin.py:190} INFO - Done with the Task3
[2024-11-11T12:13:48.707+0000] {python.py:240} INFO - Done. Returned value was: None
[2024-11-11T12:13:48.723+0000] {taskinstance.py:340} INFO - ::group::Post task execution logs
[2024-11-11T12:13:48.724+0000] {taskinstance.py:352} INFO - Marking task as SUCCESS. dag_id=dg-python_operator_dag1, task_id=filter_df, run_id=manual__2024-11-11T12:13:41.044893+00:00, execution_date=20241111T121341, start_date=20241111T121348, end_date=20241111T121348
[2024-11-11T12:13:48.741+0000] {logging_mixin.py:190} INFO - Task instance in success state
[2024-11-11T12:13:48.741+0000] {logging_mixin.py:190} INFO -  Previous state of the Task instance: running
[2024-11-11T12:13:48.742+0000] {logging_mixin.py:190} INFO - Dag name:dg-python_operator_dag1 queued_at:2024-11-11 12:13:41.074754+00:00
[2024-11-11T12:13:48.742+0000] {logging_mixin.py:190} INFO - Task hostname:c6d153583c3b operator:PythonOperator
[2024-11-11T12:13:48.762+0000] {local_task_job_runner.py:266} INFO - Task exited with return code 0
[2024-11-11T12:13:48.784+0000] {taskinstance.py:3900} INFO - 0 downstream tasks scheduled from follow-on schedule check
[2024-11-11T12:13:48.787+0000] {local_task_job_runner.py:245} INFO - ::endgroup::
