[2024-11-11T07:20:12.226+0000] {local_task_job_runner.py:123} INFO - ::group::Pre task execution logs
[2024-11-11T07:20:12.248+0000] {taskinstance.py:2612} INFO - Dependencies all met for dep_context=non-requeueable deps ti=<TaskInstance: python_op_sample_1.filter_df manual__2024-11-11T07:20:01.091176+00:00 [queued]>
[2024-11-11T07:20:12.262+0000] {taskinstance.py:2612} INFO - Dependencies all met for dep_context=requeueable deps ti=<TaskInstance: python_op_sample_1.filter_df manual__2024-11-11T07:20:01.091176+00:00 [queued]>
[2024-11-11T07:20:12.262+0000] {taskinstance.py:2865} INFO - Starting attempt 1 of 2
[2024-11-11T07:20:12.278+0000] {taskinstance.py:2888} INFO - Executing <Task(PythonOperator): filter_df> on 2024-11-11 07:20:01.091176+00:00
[2024-11-11T07:20:12.292+0000] {warnings.py:112} WARNING - /home/***/.local/lib/python3.12/site-packages/***/task/task_runner/standard_task_runner.py:70: DeprecationWarning: This process (pid=55101) is multi-threaded, use of fork() may lead to deadlocks in the child.
  pid = os.fork()

[2024-11-11T07:20:12.293+0000] {standard_task_runner.py:72} INFO - Started process 55103 to run task
[2024-11-11T07:20:12.294+0000] {standard_task_runner.py:104} INFO - Running: ['***', 'tasks', 'run', 'python_op_sample_1', 'filter_df', 'manual__2024-11-11T07:20:01.091176+00:00', '--job-id', '25', '--raw', '--subdir', 'DAGS_FOLDER/dag1_py_op_sample.py', '--cfg-path', '/tmp/tmpwjqr2i4t']
[2024-11-11T07:20:12.295+0000] {standard_task_runner.py:105} INFO - Job 25: Subtask filter_df
[2024-11-11T07:20:12.355+0000] {task_command.py:467} INFO - Running <TaskInstance: python_op_sample_1.filter_df manual__2024-11-11T07:20:01.091176+00:00 [running]> on host b86342c5c47f
[2024-11-11T07:20:12.522+0000] {taskinstance.py:3131} INFO - Exporting env vars: AIRFLOW_CTX_DAG_OWNER='***' AIRFLOW_CTX_DAG_ID='python_op_sample_1' AIRFLOW_CTX_TASK_ID='filter_df' AIRFLOW_CTX_EXECUTION_DATE='2024-11-11T07:20:01.091176+00:00' AIRFLOW_CTX_TRY_NUMBER='1' AIRFLOW_CTX_DAG_RUN_ID='manual__2024-11-11T07:20:01.091176+00:00'
[2024-11-11T07:20:12.523+0000] {logging_mixin.py:190} INFO - Task instance is in running state
[2024-11-11T07:20:12.524+0000] {logging_mixin.py:190} INFO -  Previous state of the Task instance: queued
[2024-11-11T07:20:12.524+0000] {logging_mixin.py:190} INFO - Current task name:filter_df state:running start_date:2024-11-11 07:20:12.249330+00:00
[2024-11-11T07:20:12.525+0000] {logging_mixin.py:190} INFO - Dag name:python_op_sample_1 and current dag run status:running
[2024-11-11T07:20:12.525+0000] {taskinstance.py:731} INFO - ::endgroup::
[2024-11-11T07:20:12.538+0000] {python.py:240} INFO - Done. Returned value was: None
[2024-11-11T07:20:12.552+0000] {taskinstance.py:340} INFO - ::group::Post task execution logs
[2024-11-11T07:20:12.553+0000] {taskinstance.py:352} INFO - Marking task as SUCCESS. dag_id=python_op_sample_1, task_id=filter_df, run_id=manual__2024-11-11T07:20:01.091176+00:00, execution_date=20241111T072001, start_date=20241111T072012, end_date=20241111T072012
[2024-11-11T07:20:12.570+0000] {logging_mixin.py:190} INFO - Task instance in success state
[2024-11-11T07:20:12.571+0000] {logging_mixin.py:190} INFO -  Previous state of the Task instance: running
[2024-11-11T07:20:12.571+0000] {logging_mixin.py:190} INFO - Dag name:python_op_sample_1 queued_at:2024-11-11 07:20:01.158587+00:00
[2024-11-11T07:20:12.572+0000] {logging_mixin.py:190} INFO - Task hostname:b86342c5c47f operator:PythonOperator
[2024-11-11T07:20:12.590+0000] {local_task_job_runner.py:266} INFO - Task exited with return code 0
[2024-11-11T07:20:12.615+0000] {taskinstance.py:3900} INFO - 0 downstream tasks scheduled from follow-on schedule check
[2024-11-11T07:20:12.619+0000] {local_task_job_runner.py:245} INFO - ::endgroup::
