[2024-11-05T00:36:53.207+0000] {local_task_job_runner.py:123} INFO - ::group::Pre task execution logs
[2024-11-05T00:36:53.227+0000] {taskinstance.py:2612} INFO - Dependencies all met for dep_context=non-requeueable deps ti=<TaskInstance: dummy_dataframe_dag.print_dataframe_task scheduled__2024-11-04T00:00:00+00:00 [queued]>
[2024-11-05T00:36:53.239+0000] {taskinstance.py:2612} INFO - Dependencies all met for dep_context=requeueable deps ti=<TaskInstance: dummy_dataframe_dag.print_dataframe_task scheduled__2024-11-04T00:00:00+00:00 [queued]>
[2024-11-05T00:36:53.240+0000] {taskinstance.py:2865} INFO - Starting attempt 1 of 2
[2024-11-05T00:36:53.258+0000] {taskinstance.py:2888} INFO - Executing <Task(PythonOperator): print_dataframe_task> on 2024-11-04 00:00:00+00:00
[2024-11-05T00:36:53.274+0000] {warnings.py:112} WARNING - /home/***/.local/lib/python3.12/site-packages/***/task/task_runner/standard_task_runner.py:70: DeprecationWarning: This process (pid=12680) is multi-threaded, use of fork() may lead to deadlocks in the child.
  pid = os.fork()

[2024-11-05T00:36:53.276+0000] {standard_task_runner.py:72} INFO - Started process 12689 to run task
[2024-11-05T00:36:53.276+0000] {standard_task_runner.py:104} INFO - Running: ['***', 'tasks', 'run', 'dummy_dataframe_dag', 'print_dataframe_task', 'scheduled__2024-11-04T00:00:00+00:00', '--job-id', '13', '--raw', '--subdir', 'DAGS_FOLDER/dg-first-df-print.py', '--cfg-path', '/tmp/tmpn9n9ysrn']
[2024-11-05T00:36:53.277+0000] {standard_task_runner.py:105} INFO - Job 13: Subtask print_dataframe_task
[2024-11-05T00:36:53.358+0000] {task_command.py:467} INFO - Running <TaskInstance: dummy_dataframe_dag.print_dataframe_task scheduled__2024-11-04T00:00:00+00:00 [running]> on host b86342c5c47f
[2024-11-05T00:36:53.551+0000] {taskinstance.py:3131} INFO - Exporting env vars: AIRFLOW_CTX_DAG_OWNER='***' AIRFLOW_CTX_DAG_ID='dummy_dataframe_dag' AIRFLOW_CTX_TASK_ID='print_dataframe_task' AIRFLOW_CTX_EXECUTION_DATE='2024-11-04T00:00:00+00:00' AIRFLOW_CTX_TRY_NUMBER='1' AIRFLOW_CTX_DAG_RUN_ID='scheduled__2024-11-04T00:00:00+00:00'
[2024-11-05T00:36:53.554+0000] {logging_mixin.py:190} INFO - Task instance is in running state
[2024-11-05T00:36:53.554+0000] {logging_mixin.py:190} INFO -  Previous state of the Task instance: queued
[2024-11-05T00:36:53.555+0000] {logging_mixin.py:190} INFO - Current task name:print_dataframe_task state:running start_date:2024-11-05 00:36:53.227859+00:00
[2024-11-05T00:36:53.555+0000] {logging_mixin.py:190} INFO - Dag name:dummy_dataframe_dag and current dag run status:running
[2024-11-05T00:36:53.555+0000] {taskinstance.py:731} INFO - ::endgroup::
[2024-11-05T00:36:53.566+0000] {logging_mixin.py:190} INFO - Generated DataFrame:
[2024-11-05T00:36:53.594+0000] {logging_mixin.py:190} INFO -       Name  Age    Country
0    Alice   24        USA
1      Bob   27     Canada
2  Charlie   22         UK
3    David   32  Australia
[2024-11-05T00:36:53.594+0000] {python.py:240} INFO - Done. Returned value was: None
[2024-11-05T00:36:53.610+0000] {taskinstance.py:340} INFO - ::group::Post task execution logs
[2024-11-05T00:36:53.611+0000] {taskinstance.py:352} INFO - Marking task as SUCCESS. dag_id=dummy_dataframe_dag, task_id=print_dataframe_task, run_id=scheduled__2024-11-04T00:00:00+00:00, execution_date=20241104T000000, start_date=20241105T003653, end_date=20241105T003653
[2024-11-05T00:36:53.631+0000] {logging_mixin.py:190} INFO - Task instance in success state
[2024-11-05T00:36:53.631+0000] {logging_mixin.py:190} INFO -  Previous state of the Task instance: running
[2024-11-05T00:36:53.632+0000] {logging_mixin.py:190} INFO - Dag name:dummy_dataframe_dag queued_at:2024-11-05 00:36:27.530800+00:00
[2024-11-05T00:36:53.632+0000] {logging_mixin.py:190} INFO - Task hostname:b86342c5c47f operator:PythonOperator
[2024-11-05T00:36:53.656+0000] {local_task_job_runner.py:266} INFO - Task exited with return code 0
[2024-11-05T00:36:53.676+0000] {taskinstance.py:3900} INFO - 0 downstream tasks scheduled from follow-on schedule check
[2024-11-05T00:36:53.679+0000] {local_task_job_runner.py:245} INFO - ::endgroup::
