[2024-11-11T07:23:47.387+0000] {local_task_job_runner.py:123} INFO - ::group::Pre task execution logs
[2024-11-11T07:23:47.412+0000] {taskinstance.py:2612} INFO - Dependencies all met for dep_context=non-requeueable deps ti=<TaskInstance: python_op_sample_1.filter_df manual__2024-11-11T07:23:34.530528+00:00 [queued]>
[2024-11-11T07:23:47.427+0000] {taskinstance.py:2612} INFO - Dependencies all met for dep_context=requeueable deps ti=<TaskInstance: python_op_sample_1.filter_df manual__2024-11-11T07:23:34.530528+00:00 [queued]>
[2024-11-11T07:23:47.427+0000] {taskinstance.py:2865} INFO - Starting attempt 1 of 2
[2024-11-11T07:23:47.447+0000] {taskinstance.py:2888} INFO - Executing <Task(PythonOperator): filter_df> on 2024-11-11 07:23:34.530528+00:00
[2024-11-11T07:23:47.463+0000] {warnings.py:112} WARNING - /home/***/.local/lib/python3.12/site-packages/***/task/task_runner/standard_task_runner.py:70: DeprecationWarning: This process (pid=55159) is multi-threaded, use of fork() may lead to deadlocks in the child.
  pid = os.fork()

[2024-11-11T07:23:47.464+0000] {standard_task_runner.py:72} INFO - Started process 55161 to run task
[2024-11-11T07:23:47.465+0000] {standard_task_runner.py:104} INFO - Running: ['***', 'tasks', 'run', 'python_op_sample_1', 'filter_df', 'manual__2024-11-11T07:23:34.530528+00:00', '--job-id', '29', '--raw', '--subdir', 'DAGS_FOLDER/dag1_py_op_sample.py', '--cfg-path', '/tmp/tmpge7tokzq']
[2024-11-11T07:23:47.468+0000] {standard_task_runner.py:105} INFO - Job 29: Subtask filter_df
[2024-11-11T07:23:47.538+0000] {task_command.py:467} INFO - Running <TaskInstance: python_op_sample_1.filter_df manual__2024-11-11T07:23:34.530528+00:00 [running]> on host b86342c5c47f
[2024-11-11T07:23:47.671+0000] {taskinstance.py:3131} INFO - Exporting env vars: AIRFLOW_CTX_DAG_OWNER='***' AIRFLOW_CTX_DAG_ID='python_op_sample_1' AIRFLOW_CTX_TASK_ID='filter_df' AIRFLOW_CTX_EXECUTION_DATE='2024-11-11T07:23:34.530528+00:00' AIRFLOW_CTX_TRY_NUMBER='1' AIRFLOW_CTX_DAG_RUN_ID='manual__2024-11-11T07:23:34.530528+00:00'
[2024-11-11T07:23:47.673+0000] {logging_mixin.py:190} INFO - Task instance is in running state
[2024-11-11T07:23:47.674+0000] {logging_mixin.py:190} INFO -  Previous state of the Task instance: queued
[2024-11-11T07:23:47.674+0000] {logging_mixin.py:190} INFO - Current task name:filter_df state:running start_date:2024-11-11 07:23:47.413371+00:00
[2024-11-11T07:23:47.674+0000] {logging_mixin.py:190} INFO - Dag name:python_op_sample_1 and current dag run status:running
[2024-11-11T07:23:47.675+0000] {taskinstance.py:731} INFO - ::endgroup::
[2024-11-11T07:23:47.689+0000] {python.py:240} INFO - Done. Returned value was: None
[2024-11-11T07:23:47.704+0000] {taskinstance.py:340} INFO - ::group::Post task execution logs
[2024-11-11T07:23:47.704+0000] {taskinstance.py:352} INFO - Marking task as SUCCESS. dag_id=python_op_sample_1, task_id=filter_df, run_id=manual__2024-11-11T07:23:34.530528+00:00, execution_date=20241111T072334, start_date=20241111T072347, end_date=20241111T072347
[2024-11-11T07:23:47.720+0000] {logging_mixin.py:190} INFO - Task instance in success state
[2024-11-11T07:23:47.721+0000] {logging_mixin.py:190} INFO -  Previous state of the Task instance: running
[2024-11-11T07:23:47.721+0000] {logging_mixin.py:190} INFO - Dag name:python_op_sample_1 queued_at:2024-11-11 07:23:34.555908+00:00
[2024-11-11T07:23:47.721+0000] {logging_mixin.py:190} INFO - Task hostname:b86342c5c47f operator:PythonOperator
[2024-11-11T07:23:47.763+0000] {local_task_job_runner.py:266} INFO - Task exited with return code 0
[2024-11-11T07:23:47.789+0000] {taskinstance.py:3900} INFO - 0 downstream tasks scheduled from follow-on schedule check
[2024-11-11T07:23:47.804+0000] {local_task_job_runner.py:245} INFO - ::endgroup::
